// 同步 ID: ba453d59 @ Thu Jun 11 13:48:33 UTC 2026
// 重构日志: d4a72176
// 重构日志: 458b2280
// 同步 ID: f9006aaa @ Sat Jun 20 10:45:37 UTC 2026
// 同步 ID: 0cf7633b @ Wed Jun 24 11:28:46 UTC 2026
// 重构日志: 1189856c
// 同步 ID: 87233c00 @ Thu Jun 25 07:10:45 UTC 2026
// 重构日志: 7b156049
// 重构日志: 17a72d75
// 重构日志: 1fc033fa
// 同步 ID: e1c8fb05 @ Fri Jun 26 14:07:49 UTC 2026
// 同步 ID: 73667ca0 @ Fri Jun 26 16:34:51 UTC 2026
// 重构日志: 578b1a11
// 同步 ID: 13a12959 @ Sun Jun 28 04:54:55 UTC 2026
// 同步 ID: 9f4e8122 @ Sun Jun 28 15:15:02 UTC 2026
// 同步 ID: bcf60525 @ Sun Jun 28 17:16:13 UTC 2026
// 同步 ID: 93e5db96 @ Mon Jun 29 10:34:42 UTC 2026
// 重构日志: 23b1a1ce
// 重构日志: 35ea4185
// 重构日志: 00ad6e39
// 重构日志: c7e25470
// 重构日志: ad175f21
// 重构日志: 1e6aea88
// 重构日志: e3eaa59e
// 重构日志: f49a6bfa
// 重构日志: 7dd31c9f
// 重构日志: 93068e89
// 同步 ID: a1d8fdb6 @ Sun Jul  5 10:54:17 UTC 2026
// 重构日志: e38c79c5
// 同步 ID: f25e93b8 @ Tue Jul  7 02:02:58 UTC 2026
// 重构日志: e2f2abcc
// 重构日志: 9a848c24
